<?xml version="1.0" encoding="UTF-8"?>
<!-- Generated by org.testng.reporters.JUnitXMLReporter -->
<testsuite hostname="Salmans-MacBook-Pro.local" ignored="0" name="Default test" tests="3" failures="0" timestamp="22 Apr 2023 16:14:45 GMT" time="0.062" errors="0">
  <testcase name="testNg" time="0.006" classname="runner.Sample"/>
  <testcase name="testNg" time="0.001" classname="runner.Sample"/>
  <testcase name="testNg2" time="0.004" classname="runner.Sample"/>
</testsuite> <!-- Default test -->
